# JRE version: Java(TM) SE Runtime Environment (8.0_311-b11) (build 1.8.0_311-b11)
# Java VM: Java HotSpot(TM) 64-Bit Server VM (25.311-b11 mixed mode windows-amd64 compressed oops)
Heap:
 PSYoungGen      total 101888K, used 19213K [0x00000000d6b00000, 0x00000000dd800000, 0x0000000100000000)
  eden space 95232K, 20% used [0x00000000d6b00000,0x00000000d7dc34a0,0x00000000dc800000)
  from space 6656K, 0% used [0x00000000dd180000,0x00000000dd180000,0x00000000dd800000)
  to   space 8192K, 0% used [0x00000000dc800000,0x00000000dc800000,0x00000000dd000000)
 ParOldGen       total 44032K, used 11693K [0x0000000084000000, 0x0000000086b00000, 0x00000000d6b00000)
  object space 44032K, 26% used [0x0000000084000000,0x0000000084b6b748,0x0000000086b00000)
 Metaspace       used 30140K, capacity 31562K, committed 31872K, reserved 1079296K
  class space    used 4084K, capacity 4389K, committed 4480K, reserved 1048576K
GC Heap History (10 events):
Event: 6.263 GC heap before
{Heap before GC invocations=8 (full 1):
 PSYoungGen      total 71680K, used 2958K [0x00000000d6b00000, 0x00000000db900000, 0x0000000100000000)
  eden space 63488K, 0% used [0x00000000d6b00000,0x00000000d6b00000,0x00000000da900000)
  from space 8192K, 36% used [0x00000000da900000,0x00000000dabe3b78,0x00000000db100000)
  to   space 8192K, 0% used [0x00000000db100000,0x00000000db100000,0x00000000db900000)
 ParOldGen       total 84992K, used 6404K [0x0000000084000000, 0x0000000089300000, 0x00000000d6b00000)
  object space 84992K, 7% used [0x0000000084000000,0x0000000084641350,0x0000000089300000)
 Metaspace       used 20595K, capacity 21422K, committed 21628K, reserved 1069056K
  class space    used 2780K, capacity 2981K, committed 3072K, reserved 1048576K
Event: 6.293 GC heap after
Heap after GC invocations=8 (full 1):
 PSYoungGen      total 71680K, used 0K [0x00000000d6b00000, 0x00000000db900000, 0x0000000100000000)
  eden space 63488K, 0% used [0x00000000d6b00000,0x00000000d6b00000,0x00000000da900000)
  from space 8192K, 0% used [0x00000000da900000,0x00000000da900000,0x00000000db100000)
  to   space 8192K, 0% used [0x00000000db100000,0x00000000db100000,0x00000000db900000)
 ParOldGen       total 44032K, used 5916K [0x0000000084000000, 0x0000000086b00000, 0x00000000d6b00000)
  object space 44032K, 13% used [0x0000000084000000,0x00000000845c7220,0x0000000086b00000)
 Metaspace       used 20595K, capacity 21422K, committed 21628K, reserved 1069056K
  class space    used 2780K, capacity 2981K, committed 3072K, reserved 1048576K
}
Event: 7.128 GC heap before
{Heap before GC invocations=9 (full 1):
 PSYoungGen      total 71680K, used 63488K [0x00000000d6b00000, 0x00000000db900000, 0x0000000100000000)
  eden space 63488K, 100% used [0x00000000d6b00000,0x00000000da900000,0x00000000da900000)
  from space 8192K, 0% used [0x00000000da900000,0x00000000da900000,0x00000000db100000)
  to   space 8192K, 0% used [0x00000000db100000,0x00000000db100000,0x00000000db900000)
 ParOldGen       total 44032K, used 5916K [0x0000000084000000, 0x0000000086b00000, 0x00000000d6b00000)
  object space 44032K, 13% used [0x0000000084000000,0x00000000845c7220,0x0000000086b00000)
 Metaspace       used 24282K, capacity 25232K, committed 25344K, reserved 1071104K
  class space    used 3246K, capacity 3494K, committed 3584K, reserved 1048576K
Event: 7.130 GC heap after
Heap after GC invocations=9 (full 1):
 PSYoungGen      total 71680K, used 5662K [0x00000000d6b00000, 0x00000000db900000, 0x0000000100000000)
  eden space 63488K, 0% used [0x00000000d6b00000,0x00000000d6b00000,0x00000000da900000)
  from space 8192K, 69% used [0x00000000db100000,0x00000000db687b00,0x00000000db900000)
  to   space 8192K, 0% used [0x00000000da900000,0x00000000da900000,0x00000000db100000)
 ParOldGen       total 44032K, used 5924K [0x0000000084000000, 0x0000000086b00000, 0x00000000d6b00000)
  object space 44032K, 13% used [0x0000000084000000,0x00000000845c9220,0x0000000086b00000)
 Metaspace       used 24282K, capacity 25232K, committed 25344K, reserved 1071104K
  class space    used 3246K, capacity 3494K, committed 3584K, reserved 1048576K
}
Event: 7.547 GC heap before
{Heap before GC invocations=10 (full 1):
 PSYoungGen      total 71680K, used 69150K [0x00000000d6b00000, 0x00000000db900000, 0x0000000100000000)
  eden space 63488K, 100% used [0x00000000d6b00000,0x00000000da900000,0x00000000da900000)
  from space 8192K, 69% used [0x00000000db100000,0x00000000db687b00,0x00000000db900000)
  to   space 8192K, 0% used [0x00000000da900000,0x00000000da900000,0x00000000db100000)
 ParOldGen       total 44032K, used 5924K [0x0000000084000000, 0x0000000086b00000, 0x00000000d6b00000)
  object space 44032K, 13% used [0x0000000084000000,0x00000000845c9220,0x0000000086b00000)
 Metaspace       used 26122K, capacity 27298K, committed 27392K, reserved 1073152K
  class space    used 3535K, capacity 3801K, committed 3840K, reserved 1048576K
Event: 7.550 GC heap after
Heap after GC invocations=10 (full 1):
 PSYoungGen      total 71680K, used 5851K [0x00000000d6b00000, 0x00000000dd980000, 0x0000000100000000)
  eden space 63488K, 0% used [0x00000000d6b00000,0x00000000d6b00000,0x00000000da900000)
  from space 8192K, 71% used [0x00000000da900000,0x00000000daeb6f00,0x00000000db100000)
  to   space 8192K, 0% used [0x00000000dd180000,0x00000000dd180000,0x00000000dd980000)
 ParOldGen       total 44032K, used 5932K [0x0000000084000000, 0x0000000086b00000, 0x00000000d6b00000)
  object space 44032K, 13% used [0x0000000084000000,0x00000000845cb220,0x0000000086b00000)
 Metaspace       used 26122K, capacity 27298K, committed 27392K, reserved 1073152K
  class space    used 3535K, capacity 3801K, committed 3840K, reserved 1048576K
}
Event: 9.290 GC heap before
{Heap before GC invocations=11 (full 1):
 PSYoungGen      total 71680K, used 57927K [0x00000000d6b00000, 0x00000000dd980000, 0x0000000100000000)
  eden space 63488K, 82% used [0x00000000d6b00000,0x00000000d9ddae20,0x00000000da900000)
  from space 8192K, 71% used [0x00000000da900000,0x00000000daeb6f00,0x00000000db100000)
  to   space 8192K, 0% used [0x00000000dd180000,0x00000000dd180000,0x00000000dd980000)
 ParOldGen       total 44032K, used 5932K [0x0000000084000000, 0x0000000086b00000, 0x00000000d6b00000)
  object space 44032K, 13% used [0x0000000084000000,0x00000000845cb220,0x0000000086b00000)
 Metaspace       used 28848K, capacity 30200K, committed 30336K, reserved 1079296K
  class space    used 3922K, capacity 4194K, committed 4224K, reserved 1048576K
Event: 9.294 GC heap after
Heap after GC invocations=11 (full 1):
 PSYoungGen      total 101888K, used 5560K [0x00000000d6b00000, 0x00000000dd800000, 0x0000000100000000)
  eden space 95232K, 0% used [0x00000000d6b00000,0x00000000d6b00000,0x00000000dc800000)
  from space 6656K, 83% used [0x00000000dd180000,0x00000000dd6ee350,0x00000000dd800000)
  to   space 8192K, 0% used [0x00000000dc800000,0x00000000dc800000,0x00000000dd000000)
 ParOldGen       total 44032K, used 7467K [0x0000000084000000, 0x0000000086b00000, 0x00000000d6b00000)
  object space 44032K, 16% used [0x0000000084000000,0x000000008474ae50,0x0000000086b00000)
 Metaspace       used 28848K, capacity 30200K, committed 30336K, reserved 1079296K
  class space    used 3922K, capacity 4194K, committed 4224K, reserved 1048576K
}
Event: 9.294 GC heap before
{Heap before GC invocations=12 (full 2):
 PSYoungGen      total 101888K, used 5560K [0x00000000d6b00000, 0x00000000dd800000, 0x0000000100000000)
  eden space 95232K, 0% used [0x00000000d6b00000,0x00000000d6b00000,0x00000000dc800000)
  from space 6656K, 83% used [0x00000000dd180000,0x00000000dd6ee350,0x00000000dd800000)
  to   space 8192K, 0% used [0x00000000dc800000,0x00000000dc800000,0x00000000dd000000)
 ParOldGen       total 44032K, used 7467K [0x0000000084000000, 0x0000000086b00000, 0x00000000d6b00000)
  object space 44032K, 16% used [0x0000000084000000,0x000000008474ae50,0x0000000086b00000)
 Metaspace       used 28848K, capacity 30200K, committed 30336K, reserved 1079296K
  class space    used 3922K, capacity 4194K, committed 4224K, reserved 1048576K
Event: 9.333 GC heap after
Heap after GC invocations=12 (full 2):
 PSYoungGen      total 101888K, used 0K [0x00000000d6b00000, 0x00000000dd800000, 0x0000000100000000)
  eden space 95232K, 0% used [0x00000000d6b00000,0x00000000d6b00000,0x00000000dc800000)
  from space 6656K, 0% used [0x00000000dd180000,0x00000000dd180000,0x00000000dd800000)
  to   space 8192K, 0% used [0x00000000dc800000,0x00000000dc800000,0x00000000dd000000)
 ParOldGen       total 44032K, used 11693K [0x0000000084000000, 0x0000000086b00000, 0x00000000d6b00000)
  object space 44032K, 26% used [0x0000000084000000,0x0000000084b6b748,0x0000000086b00000)
 Metaspace       used 28848K, capacity 30200K, committed 30336K, reserved 1079296K
  class space    used 3922K, capacity 4194K, committed 4224K, reserved 1048576K
}

